20:26:32.937 [ATL-Logging-Thread] INFO  - Organising filesystem

20:26:32.942 [ATL-Logging-Thread] INFO  - ATLauncher Version: 3.4.40.3 [def69ccdafeb949f3f0061b860a9fc234db4aecd]

20:26:32.947 [ATL-Logging-Thread] INFO  - App Arguments: ["--working-dir","**USERSDIR**","--no-launcher-update"]

20:26:32.949 [ATL-Logging-Thread] INFO  - JVM Arguments: []

20:26:32.951 [ATL-Logging-Thread] INFO  - Java Version: Java 21 (21.0.10)

20:26:32.952 [ATL-Logging-Thread] INFO  - 64 Bit Java: true

20:26:32.952 [ATL-Logging-Thread] INFO  - RAM Available: 31757MB

20:26:32.953 [ATL-Logging-Thread] INFO  - Launcher Directory: **USERSDIR**

20:26:34.687 [ATL-Logging-Thread] INFO  - GPU: Alder Lake-P GT2 [Iris Xe Graphics] (Intel Corporation (0x8086)) unknown 256MB VRAM

20:26:34.688 [ATL-Logging-Thread] INFO  - GPU: GA107M [GeForce RTX 3050 Mobile] (NVIDIA Corporation (0x10de)) unknown 4128MB VRAM

20:26:34.852 [ATL-Logging-Thread] INFO  - CPU: 12th Gen Intel(R) Core(TM) i5-12500H 12 cores/16 threads

20:26:34.854 [ATL-Logging-Thread] INFO  - Operating System: NixOS (26.05 (Yarara) build 6.19.11)

20:26:34.854 [ATL-Logging-Thread] INFO  - Bitness: 64

20:26:34.858 [ATL-Logging-Thread] INFO  - Uptime: 8088

20:26:34.859 [ATL-Logging-Thread] INFO  - Manufacturer: GNU/Linux

20:26:34.860 [ATL-Logging-Thread] INFO  - Showing splash screen and loading everything

20:26:34.861 [ATL-Logging-Thread] INFO  - Checking for updated files!

20:26:38.048 [ATL-Logging-Thread] INFO  - Launcher finished loading everything

20:26:38.057 [ATL-Logging-Thread] INFO  - Launcher opening

20:26:38.058 [ATL-Logging-Thread] INFO  - Made By Bob*

20:26:38.058 [ATL-Logging-Thread] INFO  - *(Not Actually)

20:26:38.063 [ATL-Logging-Thread] INFO  - Setting up Bottom Bar

20:26:38.087 [ATL-Logging-Thread] INFO  - Finished Setting up Bottom Bar

20:26:38.087 [ATL-Logging-Thread] INFO  - Setting up Tabs

20:26:38.124 [ATL-Logging-Thread] ERROR - Error fetching news

20:26:38.125 [ATL-Logging-Thread] ERROR - com.apollographql.apollo.exception.ApolloHttpException: HTTP 403 Forbidden

20:26:38.125 [ATL-Logging-Thread] ERROR - 	at com.apollographql.apollo.internal.interceptor.ApolloParseInterceptor.parse(ApolloParseInterceptor.java:108)

20:26:38.126 [ATL-Logging-Thread] ERROR - 	at com.apollographql.apollo.internal.interceptor.ApolloParseInterceptor$1.onResponse(ApolloParseInterceptor.java:53)

20:26:38.126 [ATL-Logging-Thread] ERROR - 	at com.apollographql.apollo.internal.interceptor.ApolloServerInterceptor$executeHttpCall$1.onResponse(ApolloServerInterceptor.kt:114)

20:26:38.127 [ATL-Logging-Thread] ERROR - 	at okhttp3.internal.connection.RealCall$AsyncCall.run(RealCall.kt:519)

20:26:38.127 [ATL-Logging-Thread] ERROR - 	at java.base/java.util.concurrent.ThreadPoolExecutor.runWorker(ThreadPoolExecutor.java:1144)

20:26:38.128 [ATL-Logging-Thread] ERROR - 	at java.base/java.util.concurrent.ThreadPoolExecutor$Worker.run(ThreadPoolExecutor.java:642)

20:26:38.128 [ATL-Logging-Thread] ERROR - 	at java.base/java.lang.Thread.run(Thread.java:1583)

20:26:38.129 [ATL-Logging-Thread] ERROR - com.apollographql.apollo.exception.ApolloHttpException: HTTP 403 Forbidden
	at com.apollographql.apollo.internal.interceptor.ApolloParseInterceptor.parse(ApolloParseInterceptor.java:108)
	at com.apollographql.apollo.internal.interceptor.ApolloParseInterceptor$1.onResponse(ApolloParseInterceptor.java:53)
	at com.apollographql.apollo.internal.interceptor.ApolloServerInterceptor$executeHttpCall$1.onResponse(ApolloServerInterceptor.kt:114)
	at okhttp3.internal.connection.RealCall$AsyncCall.run(RealCall.kt:519)
	at java.base/java.util.concurrent.ThreadPoolExecutor.runWorker(ThreadPoolExecutor.java:1144)
	at java.base/java.util.concurrent.ThreadPoolExecutor$Worker.run(ThreadPoolExecutor.java:642)
	at java.base/java.lang.Thread.run(Thread.java:1583)

20:26:38.148 [ATL-Logging-Thread] INFO  - Finished Setting up Tabs

20:26:38.148 [ATL-Logging-Thread] INFO  - Showing Launcher

